[debug] [2025-06-24T23:44:45.356Z] ----------------------------------------------------------------------
[debug] [2025-06-24T23:44:45.360Z] Command:       C:\Program Files\nodejs\node.exe C:\Users\Administrator\AppData\Roaming\npm\node_modules\firebase-tools\lib\bin\firebase.js init
[debug] [2025-06-24T23:44:45.360Z] CLI Version:   14.8.0
[debug] [2025-06-24T23:44:45.361Z] Platform:      win32
[debug] [2025-06-24T23:44:45.361Z] Node Version:  v22.16.0
[debug] [2025-06-24T23:44:45.362Z] Time:          Wed Jun 25 2025 00:44:45 GMT+0100 (West Africa Standard Time)
[debug] [2025-06-24T23:44:45.362Z] ----------------------------------------------------------------------
[debug] 
[debug] [2025-06-24T23:44:45.706Z] > command requires scopes: ["email","openid","https://www.googleapis.com/auth/cloudplatformprojects.readonly","https://www.googleapis.com/auth/firebase","https://www.googleapis.com/auth/cloud-platform"]
[debug] [2025-06-24T23:44:45.707Z] > authorizing via signed-in user (realafrostories@gmail.com)
[info] 
     ######## #### ########  ######## ########     ###     ######  ########
     ##        ##  ##     ## ##       ##     ##  ##   ##  ##       ##
     ######    ##  ########  ######   ########  #########  ######  ######
     ##        ##  ##    ##  ##       ##     ## ##     ##       ## ##
     ##       #### ##     ## ######## ########  ##     ##  ######  ########

You're about to initialize a Firebase project in this directory:

  C:\Users\Administrator\Desktop\bitcoin-investment-website

Before we get started, keep in mind:

  * You are initializing within an existing Firebase project directory

[info] 
=== Project Setup
[info] 
[info] First, let's associate this project directory with a Firebase project.
[info] You can create multiple project aliases by running firebase use --add, 
[info] but for now we'll just set up a default project.
[info] 
[debug] [2025-06-24T23:45:16.630Z] Using project from CLI flag: bitfidelity-3a009
[debug] [2025-06-24T23:45:16.631Z] Checked if tokens are valid: true, expires at: 1750811806768
[debug] [2025-06-24T23:45:16.632Z] Checked if tokens are valid: true, expires at: 1750811806768
[debug] [2025-06-24T23:45:16.633Z] >>> [apiv2][query] GET https://firebase.googleapis.com/v1beta1/projects/bitfidelity-3a009 [none]
[debug] [2025-06-24T23:45:17.389Z] <<< [apiv2][status] GET https://firebase.googleapis.com/v1beta1/projects/bitfidelity-3a009 200
[debug] [2025-06-24T23:45:17.389Z] <<< [apiv2][body] GET https://firebase.googleapis.com/v1beta1/projects/bitfidelity-3a009 {"projectId":"bitfidelity-3a009","projectNumber":"434758348198","displayName":"BitFidelity","name":"projects/bitfidelity-3a009","resources":{"hostingSite":"bitfidelity-3a009"},"state":"ACTIVE","etag":"1_f4f804a6-65df-4e7f-8b94-610ccfc5765d"}
[info] i  Using project bitfidelity-3a009 (BitFidelity) 
[info] 
=== Hosting Setup
[debug] [2025-06-24T23:45:17.406Z] Checked if tokens are valid: true, expires at: 1750811806768
[debug] [2025-06-24T23:45:17.406Z] Checked if tokens are valid: true, expires at: 1750811806768
[debug] [2025-06-24T23:45:17.407Z] >>> [apiv2][query] GET https://firebase.googleapis.com/v1beta1/projects/bitfidelity-3a009 [none]
[debug] [2025-06-24T23:45:17.746Z] <<< [apiv2][status] GET https://firebase.googleapis.com/v1beta1/projects/bitfidelity-3a009 200
[debug] [2025-06-24T23:45:17.747Z] <<< [apiv2][body] GET https://firebase.googleapis.com/v1beta1/projects/bitfidelity-3a009 {"projectId":"bitfidelity-3a009","projectNumber":"434758348198","displayName":"BitFidelity","name":"projects/bitfidelity-3a009","resources":{"hostingSite":"bitfidelity-3a009"},"state":"ACTIVE","etag":"1_f4f804a6-65df-4e7f-8b94-610ccfc5765d"}
[info] 
[info] Your public directory is the folder (relative to your project directory) that
[info] will contain Hosting assets to be uploaded with firebase deploy. If you
[info] have a build process for your assets, use your build's output directory.
[info] 
